{"/Users/kadu/Desktop/node-29-outubro-2025/src/app.ts": {"path":"/Users/kadu/Desktop/node-29-outubro-2025/src/app.ts","statementMap":{"0":{"start":{"line":15,"column":6},"end":{"line":26,"column":null}},"1":{"start":{"line":28,"column":0},"end":{"line":36,"column":null}},"2":{"start":{"line":38,"column":0},"end":{"line":43,"column":null}},"3":{"start":{"line":45,"column":0},"end":{"line":45,"column":null}},"4":{"start":{"line":46,"column":0},"end":{"line":46,"column":null}},"5":{"start":{"line":48,"column":0},"end":{"line":48,"column":null}},"6":{"start":{"line":49,"column":0},"end":{"line":49,"column":null}},"7":{"start":{"line":50,"column":0},"end":{"line":50,"column":null}}},"fnMap":{},"branchMap":{},"s":{"0":3,"1":3,"2":3,"3":3,"4":3,"5":3,"6":3,"7":3},"f":{},"b":{},"meta":{"lastBranch":0,"lastFunction":0,"lastStatement":8,"seen":{"s:15:6:26:Infinity":0,"s:28:0:36:Infinity":1,"s:38:0:43:Infinity":2,"s:45:0:45:Infinity":3,"s:46:0:46:Infinity":4,"s:48:0:48:Infinity":5,"s:49:0:49:Infinity":6,"s:50:0:50:Infinity":7}}}
,"/Users/kadu/Desktop/node-29-outubro-2025/src/database/client.ts": {"path":"/Users/kadu/Desktop/node-29-outubro-2025/src/database/client.ts","statementMap":{"0":{"start":{"line":3,"column":13},"end":{"line":5,"column":null}}},"fnMap":{},"branchMap":{},"s":{"0":3},"f":{},"b":{},"meta":{"lastBranch":0,"lastFunction":0,"lastStatement":1,"seen":{"s:3:13:5:Infinity":0}}}
,"/Users/kadu/Desktop/node-29-outubro-2025/src/database/schema.ts": {"path":"/Users/kadu/Desktop/node-29-outubro-2025/src/database/schema.ts","statementMap":{"0":{"start":{"line":3,"column":13},"end":{"line":7,"column":null}},"1":{"start":{"line":9,"column":13},"end":{"line":13,"column":null}},"2":{"start":{"line":15,"column":13},"end":{"line":29,"column":null}},"3":{"start":{"line":22,"column":24},"end":{"line":22,"column":32}},"4":{"start":{"line":25,"column":24},"end":{"line":25,"column":34}},"5":{"start":{"line":28,"column":13},"end":{"line":28,"column":null}}},"fnMap":{"0":{"name":"(anonymous_0)","decl":{"start":{"line":22,"column":18},"end":{"line":22,"column":24}},"loc":{"start":{"line":22,"column":24},"end":{"line":22,"column":32}},"line":22},"1":{"name":"(anonymous_1)","decl":{"start":{"line":25,"column":18},"end":{"line":25,"column":24}},"loc":{"start":{"line":25,"column":24},"end":{"line":25,"column":34}},"line":25},"2":{"name":"(anonymous_2)","decl":{"start":{"line":28,"column":2},"end":{"line":28,"column":3}},"loc":{"start":{"line":28,"column":13},"end":{"line":28,"column":null}},"line":28}},"branchMap":{},"s":{"0":3,"1":3,"2":3,"3":0,"4":0,"5":0},"f":{"0":0,"1":0,"2":0},"b":{},"meta":{"lastBranch":0,"lastFunction":3,"lastStatement":6,"seen":{"s:3:13:7:Infinity":0,"s:9:13:13:Infinity":1,"s:15:13:29:Infinity":2,"f:22:18:22:24":0,"s:22:24:22:32":3,"f:25:18:25:24":1,"s:25:24:25:34":4,"f:28:2:28:3":2,"s:28:13:28:Infinity":5}}}
,"/Users/kadu/Desktop/node-29-outubro-2025/src/routes/create-course.ts": {"path":"/Users/kadu/Desktop/node-29-outubro-2025/src/routes/create-course.ts","statementMap":{"0":{"start":{"line":6,"column":56},"end":{"line":38,"column":null}},"1":{"start":{"line":7,"column":2},"end":{"line":37,"column":null}},"2":{"start":{"line":23,"column":19},"end":{"line":23,"column":null}},"3":{"start":{"line":24,"column":26},"end":{"line":24,"column":null}},"4":{"start":{"line":25,"column":32},"end":{"line":25,"column":null}},"5":{"start":{"line":27,"column":21},"end":{"line":33,"column":null}},"6":{"start":{"line":35,"column":6},"end":{"line":35,"column":null}}},"fnMap":{"0":{"name":"(anonymous_0)","decl":{"start":{"line":6,"column":56},"end":{"line":6,"column":63}},"loc":{"start":{"line":6,"column":74},"end":{"line":38,"column":null}},"line":6},"1":{"name":"(anonymous_1)","decl":{"start":{"line":22,"column":4},"end":{"line":22,"column":11}},"loc":{"start":{"line":22,"column":33},"end":{"line":36,"column":null}},"line":22}},"branchMap":{},"s":{"0":3,"1":3,"2":1,"3":1,"4":1,"5":1,"6":1},"f":{"0":3,"1":1},"b":{},"meta":{"lastBranch":0,"lastFunction":2,"lastStatement":7,"seen":{"s:6:56:38:Infinity":0,"f:6:56:6:63":0,"s:7:2:37:Infinity":1,"f:22:4:22:11":1,"s:23:19:23:Infinity":2,"s:24:26:24:Infinity":3,"s:25:32:25:Infinity":4,"s:27:21:33:Infinity":5,"s:35:6:35:Infinity":6}}}
,"/Users/kadu/Desktop/node-29-outubro-2025/src/routes/get-course-by-id.ts": {"path":"/Users/kadu/Desktop/node-29-outubro-2025/src/routes/get-course-by-id.ts","statementMap":{"0":{"start":{"line":7,"column":57},"end":{"line":41,"column":null}},"1":{"start":{"line":8,"column":2},"end":{"line":40,"column":null}},"2":{"start":{"line":30,"column":23},"end":{"line":30,"column":null}},"3":{"start":{"line":32,"column":21},"end":{"line":32,"column":null}},"4":{"start":{"line":34,"column":6},"end":{"line":36,"column":null}},"5":{"start":{"line":35,"column":8},"end":{"line":35,"column":null}},"6":{"start":{"line":38,"column":6},"end":{"line":38,"column":null}}},"fnMap":{"0":{"name":"(anonymous_0)","decl":{"start":{"line":7,"column":57},"end":{"line":7,"column":64}},"loc":{"start":{"line":7,"column":75},"end":{"line":41,"column":null}},"line":7},"1":{"name":"(anonymous_1)","decl":{"start":{"line":29,"column":4},"end":{"line":29,"column":11}},"loc":{"start":{"line":29,"column":30},"end":{"line":39,"column":null}},"line":29}},"branchMap":{"0":{"loc":{"start":{"line":34,"column":6},"end":{"line":36,"column":null}},"type":"if","locations":[{"start":{"line":34,"column":6},"end":{"line":36,"column":null}},{"start":{},"end":{}}],"line":34}},"s":{"0":3,"1":3,"2":2,"3":2,"4":2,"5":1,"6":1},"f":{"0":3,"1":2},"b":{"0":[1,1]},"meta":{"lastBranch":1,"lastFunction":2,"lastStatement":7,"seen":{"s:7:57:41:Infinity":0,"f:7:57:7:64":0,"s:8:2:40:Infinity":1,"f:29:4:29:11":1,"s:30:23:30:Infinity":2,"s:32:21:32:Infinity":3,"b:34:6:36:Infinity:undefined:undefined:undefined:undefined":0,"s:34:6:36:Infinity":4,"s:35:8:35:Infinity":5,"s:38:6:38:Infinity":6}}}
,"/Users/kadu/Desktop/node-29-outubro-2025/src/routes/get-courses.ts": {"path":"/Users/kadu/Desktop/node-29-outubro-2025/src/routes/get-courses.ts","statementMap":{"0":{"start":{"line":7,"column":54},"end":{"line":67,"column":null}},"1":{"start":{"line":8,"column":2},"end":{"line":66,"column":null}},"2":{"start":{"line":35,"column":40},"end":{"line":35,"column":null}},"3":{"start":{"line":37,"column":32},"end":{"line":37,"column":null}},"4":{"start":{"line":39,"column":6},"end":{"line":41,"column":null}},"5":{"start":{"line":40,"column":8},"end":{"line":40,"column":null}},"6":{"start":{"line":43,"column":24},"end":{"line":43,"column":null}},"7":{"start":{"line":45,"column":30},"end":{"line":62,"column":null}},"8":{"start":{"line":64,"column":6},"end":{"line":64,"column":null}}},"fnMap":{"0":{"name":"(anonymous_0)","decl":{"start":{"line":7,"column":54},"end":{"line":7,"column":61}},"loc":{"start":{"line":7,"column":72},"end":{"line":67,"column":null}},"line":7},"1":{"name":"(anonymous_1)","decl":{"start":{"line":34,"column":4},"end":{"line":34,"column":11}},"loc":{"start":{"line":34,"column":33},"end":{"line":65,"column":null}},"line":34}},"branchMap":{"0":{"loc":{"start":{"line":39,"column":6},"end":{"line":41,"column":null}},"type":"if","locations":[{"start":{"line":39,"column":6},"end":{"line":41,"column":null}},{"start":{},"end":{}}],"line":39}},"s":{"0":3,"1":3,"2":1,"3":1,"4":1,"5":1,"6":1,"7":1,"8":1},"f":{"0":3,"1":1},"b":{"0":[1,0]},"meta":{"lastBranch":1,"lastFunction":2,"lastStatement":9,"seen":{"s:7:54:67:Infinity":0,"f:7:54:7:61":0,"s:8:2:66:Infinity":1,"f:34:4:34:11":1,"s:35:40:35:Infinity":2,"s:37:32:37:Infinity":3,"b:39:6:41:Infinity:undefined:undefined:undefined:undefined":0,"s:39:6:41:Infinity":4,"s:40:8:40:Infinity":5,"s:43:24:43:Infinity":6,"s:45:30:62:Infinity":7,"s:64:6:64:Infinity":8}}}
,"/Users/kadu/Desktop/node-29-outubro-2025/src/test/factories/make-course.ts": {"path":"/Users/kadu/Desktop/node-29-outubro-2025/src/test/factories/make-course.ts","statementMap":{"0":{"start":{"line":6,"column":17},"end":{"line":11,"column":null}},"1":{"start":{"line":13,"column":2},"end":{"line":13,"column":null}}},"fnMap":{"0":{"name":"makeCourse","decl":{"start":{"line":5,"column":22},"end":{"line":5,"column":33}},"loc":{"start":{"line":5,"column":49},"end":{"line":14,"column":null}},"line":5}},"branchMap":{"0":{"loc":{"start":{"line":9,"column":13},"end":{"line":9,"column":null}},"type":"binary-expr","locations":[{"start":{"line":9,"column":13},"end":{"line":9,"column":22}},{"start":{"line":9,"column":22},"end":{"line":9,"column":null}}],"line":9}},"s":{"0":2,"1":2},"f":{"0":2},"b":{"0":[2,1]},"meta":{"lastBranch":1,"lastFunction":1,"lastStatement":2,"seen":{"f:5:22:5:33":0,"s:6:17:11:Infinity":0,"b:9:13:9:22:9:22:9:Infinity":0,"s:13:2:13:Infinity":1}}}
,"/Users/kadu/Desktop/node-29-outubro-2025/src/test/factories/make-enrollments.ts": {"path":"/Users/kadu/Desktop/node-29-outubro-2025/src/test/factories/make-enrollments.ts","statementMap":{"0":{"start":{"line":4,"column":30},"end":{"line":14,"column":null}},"1":{"start":{"line":5,"column":17},"end":{"line":11,"column":null}},"2":{"start":{"line":13,"column":2},"end":{"line":13,"column":null}}},"fnMap":{"0":{"name":"(anonymous_0)","decl":{"start":{"line":4,"column":30},"end":{"line":4,"column":37}},"loc":{"start":{"line":4,"column":74},"end":{"line":14,"column":null}},"line":4}},"branchMap":{},"s":{"0":1,"1":1,"2":1},"f":{"0":1},"b":{},"meta":{"lastBranch":0,"lastFunction":1,"lastStatement":3,"seen":{"s:4:30:14:Infinity":0,"f:4:30:4:37":0,"s:5:17:11:Infinity":1,"s:13:2:13:Infinity":2}}}
,"/Users/kadu/Desktop/node-29-outubro-2025/src/test/factories/make-user.ts": {"path":"/Users/kadu/Desktop/node-29-outubro-2025/src/test/factories/make-user.ts","statementMap":{"0":{"start":{"line":5,"column":24},"end":{"line":15,"column":null}},"1":{"start":{"line":6,"column":17},"end":{"line":12,"column":null}},"2":{"start":{"line":14,"column":2},"end":{"line":14,"column":null}}},"fnMap":{"0":{"name":"(anonymous_0)","decl":{"start":{"line":5,"column":24},"end":{"line":5,"column":36}},"loc":{"start":{"line":5,"column":36},"end":{"line":15,"column":null}},"line":5}},"branchMap":{},"s":{"0":1,"1":1,"2":1},"f":{"0":1},"b":{},"meta":{"lastBranch":0,"lastFunction":1,"lastStatement":3,"seen":{"s:5:24:15:Infinity":0,"f:5:24:5:36":0,"s:6:17:12:Infinity":1,"s:14:2:14:Infinity":2}}}
}
