{"/Users/kadu/Desktop/node-29-outubro-2025/src/app.ts": {"path":"/Users/kadu/Desktop/node-29-outubro-2025/src/app.ts","statementMap":{"0":{"start":{"line":16,"column":6},"end":{"line":27,"column":null}},"1":{"start":{"line":29,"column":0},"end":{"line":37,"column":null}},"2":{"start":{"line":39,"column":0},"end":{"line":44,"column":null}},"3":{"start":{"line":46,"column":0},"end":{"line":46,"column":null}},"4":{"start":{"line":47,"column":0},"end":{"line":47,"column":null}},"5":{"start":{"line":49,"column":0},"end":{"line":49,"column":null}},"6":{"start":{"line":50,"column":0},"end":{"line":50,"column":null}},"7":{"start":{"line":51,"column":0},"end":{"line":51,"column":null}},"8":{"start":{"line":52,"column":0},"end":{"line":52,"column":null}}},"fnMap":{},"branchMap":{},"s":{"0":4,"1":4,"2":4,"3":4,"4":4,"5":4,"6":4,"7":4,"8":4},"f":{},"b":{},"meta":{"lastBranch":0,"lastFunction":0,"lastStatement":9,"seen":{"s:16:6:27:Infinity":0,"s:29:0:37:Infinity":1,"s:39:0:44:Infinity":2,"s:46:0:46:Infinity":3,"s:47:0:47:Infinity":4,"s:49:0:49:Infinity":5,"s:50:0:50:Infinity":6,"s:51:0:51:Infinity":7,"s:52:0:52:Infinity":8}}}
,"/Users/kadu/Desktop/node-29-outubro-2025/src/database/client.ts": {"path":"/Users/kadu/Desktop/node-29-outubro-2025/src/database/client.ts","statementMap":{"0":{"start":{"line":3,"column":13},"end":{"line":5,"column":null}}},"fnMap":{},"branchMap":{},"s":{"0":4},"f":{},"b":{},"meta":{"lastBranch":0,"lastFunction":0,"lastStatement":1,"seen":{"s:3:13:5:Infinity":0}}}
,"/Users/kadu/Desktop/node-29-outubro-2025/src/database/schema.ts": {"path":"/Users/kadu/Desktop/node-29-outubro-2025/src/database/schema.ts","statementMap":{"0":{"start":{"line":3,"column":13},"end":{"line":3,"column":null}},"1":{"start":{"line":5,"column":13},"end":{"line":11,"column":null}},"2":{"start":{"line":13,"column":13},"end":{"line":17,"column":null}},"3":{"start":{"line":19,"column":13},"end":{"line":33,"column":null}},"4":{"start":{"line":26,"column":24},"end":{"line":26,"column":32}},"5":{"start":{"line":29,"column":24},"end":{"line":29,"column":34}},"6":{"start":{"line":32,"column":13},"end":{"line":32,"column":null}}},"fnMap":{"0":{"name":"(anonymous_0)","decl":{"start":{"line":26,"column":18},"end":{"line":26,"column":24}},"loc":{"start":{"line":26,"column":24},"end":{"line":26,"column":32}},"line":26},"1":{"name":"(anonymous_1)","decl":{"start":{"line":29,"column":18},"end":{"line":29,"column":24}},"loc":{"start":{"line":29,"column":24},"end":{"line":29,"column":34}},"line":29},"2":{"name":"(anonymous_2)","decl":{"start":{"line":32,"column":2},"end":{"line":32,"column":3}},"loc":{"start":{"line":32,"column":13},"end":{"line":32,"column":null}},"line":32}},"branchMap":{},"s":{"0":4,"1":4,"2":4,"3":4,"4":0,"5":0,"6":0},"f":{"0":0,"1":0,"2":0},"b":{},"meta":{"lastBranch":0,"lastFunction":3,"lastStatement":7,"seen":{"s:3:13:3:Infinity":0,"s:5:13:11:Infinity":1,"s:13:13:17:Infinity":2,"s:19:13:33:Infinity":3,"f:26:18:26:24":0,"s:26:24:26:32":4,"f:29:18:29:24":1,"s:29:24:29:34":5,"f:32:2:32:3":2,"s:32:13:32:Infinity":6}}}
,"/Users/kadu/Desktop/node-29-outubro-2025/src/routes/create-course.ts": {"path":"/Users/kadu/Desktop/node-29-outubro-2025/src/routes/create-course.ts","statementMap":{"0":{"start":{"line":6,"column":56},"end":{"line":38,"column":null}},"1":{"start":{"line":7,"column":2},"end":{"line":37,"column":null}},"2":{"start":{"line":23,"column":19},"end":{"line":23,"column":null}},"3":{"start":{"line":24,"column":26},"end":{"line":24,"column":null}},"4":{"start":{"line":25,"column":32},"end":{"line":25,"column":null}},"5":{"start":{"line":27,"column":21},"end":{"line":33,"column":null}},"6":{"start":{"line":35,"column":6},"end":{"line":35,"column":null}}},"fnMap":{"0":{"name":"(anonymous_0)","decl":{"start":{"line":6,"column":56},"end":{"line":6,"column":63}},"loc":{"start":{"line":6,"column":74},"end":{"line":38,"column":null}},"line":6},"1":{"name":"(anonymous_1)","decl":{"start":{"line":22,"column":4},"end":{"line":22,"column":11}},"loc":{"start":{"line":22,"column":33},"end":{"line":36,"column":null}},"line":22}},"branchMap":{},"s":{"0":4,"1":4,"2":1,"3":1,"4":1,"5":1,"6":1},"f":{"0":4,"1":1},"b":{},"meta":{"lastBranch":0,"lastFunction":2,"lastStatement":7,"seen":{"s:6:56:38:Infinity":0,"f:6:56:6:63":0,"s:7:2:37:Infinity":1,"f:22:4:22:11":1,"s:23:19:23:Infinity":2,"s:24:26:24:Infinity":3,"s:25:32:25:Infinity":4,"s:27:21:33:Infinity":5,"s:35:6:35:Infinity":6}}}
,"/Users/kadu/Desktop/node-29-outubro-2025/src/routes/get-course-by-id.ts": {"path":"/Users/kadu/Desktop/node-29-outubro-2025/src/routes/get-course-by-id.ts","statementMap":{"0":{"start":{"line":7,"column":57},"end":{"line":41,"column":null}},"1":{"start":{"line":8,"column":2},"end":{"line":40,"column":null}},"2":{"start":{"line":30,"column":23},"end":{"line":30,"column":null}},"3":{"start":{"line":32,"column":21},"end":{"line":32,"column":null}},"4":{"start":{"line":34,"column":6},"end":{"line":36,"column":null}},"5":{"start":{"line":35,"column":8},"end":{"line":35,"column":null}},"6":{"start":{"line":38,"column":6},"end":{"line":38,"column":null}}},"fnMap":{"0":{"name":"(anonymous_0)","decl":{"start":{"line":7,"column":57},"end":{"line":7,"column":64}},"loc":{"start":{"line":7,"column":75},"end":{"line":41,"column":null}},"line":7},"1":{"name":"(anonymous_1)","decl":{"start":{"line":29,"column":4},"end":{"line":29,"column":11}},"loc":{"start":{"line":29,"column":30},"end":{"line":39,"column":null}},"line":29}},"branchMap":{"0":{"loc":{"start":{"line":34,"column":6},"end":{"line":36,"column":null}},"type":"if","locations":[{"start":{"line":34,"column":6},"end":{"line":36,"column":null}},{"start":{},"end":{}}],"line":34}},"s":{"0":4,"1":4,"2":2,"3":2,"4":2,"5":1,"6":1},"f":{"0":4,"1":2},"b":{"0":[1,1]},"meta":{"lastBranch":1,"lastFunction":2,"lastStatement":7,"seen":{"s:7:57:41:Infinity":0,"f:7:57:7:64":0,"s:8:2:40:Infinity":1,"f:29:4:29:11":1,"s:30:23:30:Infinity":2,"s:32:21:32:Infinity":3,"b:34:6:36:Infinity:undefined:undefined:undefined:undefined":0,"s:34:6:36:Infinity":4,"s:35:8:35:Infinity":5,"s:38:6:38:Infinity":6}}}
,"/Users/kadu/Desktop/node-29-outubro-2025/src/routes/get-courses.ts": {"path":"/Users/kadu/Desktop/node-29-outubro-2025/src/routes/get-courses.ts","statementMap":{"0":{"start":{"line":7,"column":54},"end":{"line":67,"column":null}},"1":{"start":{"line":8,"column":2},"end":{"line":66,"column":null}},"2":{"start":{"line":35,"column":40},"end":{"line":35,"column":null}},"3":{"start":{"line":37,"column":32},"end":{"line":37,"column":null}},"4":{"start":{"line":39,"column":6},"end":{"line":41,"column":null}},"5":{"start":{"line":40,"column":8},"end":{"line":40,"column":null}},"6":{"start":{"line":43,"column":24},"end":{"line":43,"column":null}},"7":{"start":{"line":45,"column":30},"end":{"line":62,"column":null}},"8":{"start":{"line":64,"column":6},"end":{"line":64,"column":null}}},"fnMap":{"0":{"name":"(anonymous_0)","decl":{"start":{"line":7,"column":54},"end":{"line":7,"column":61}},"loc":{"start":{"line":7,"column":72},"end":{"line":67,"column":null}},"line":7},"1":{"name":"(anonymous_1)","decl":{"start":{"line":34,"column":4},"end":{"line":34,"column":11}},"loc":{"start":{"line":34,"column":33},"end":{"line":65,"column":null}},"line":34}},"branchMap":{"0":{"loc":{"start":{"line":39,"column":6},"end":{"line":41,"column":null}},"type":"if","locations":[{"start":{"line":39,"column":6},"end":{"line":41,"column":null}},{"start":{},"end":{}}],"line":39}},"s":{"0":4,"1":4,"2":2,"3":2,"4":2,"5":2,"6":2,"7":2,"8":2},"f":{"0":4,"1":2},"b":{"0":[2,0]},"meta":{"lastBranch":1,"lastFunction":2,"lastStatement":9,"seen":{"s:7:54:67:Infinity":0,"f:7:54:7:61":0,"s:8:2:66:Infinity":1,"f:34:4:34:11":1,"s:35:40:35:Infinity":2,"s:37:32:37:Infinity":3,"b:39:6:41:Infinity:undefined:undefined:undefined:undefined":0,"s:39:6:41:Infinity":4,"s:40:8:40:Infinity":5,"s:43:24:43:Infinity":6,"s:45:30:62:Infinity":7,"s:64:6:64:Infinity":8}}}
,"/Users/kadu/Desktop/node-29-outubro-2025/src/routes/login.ts": {"path":"/Users/kadu/Desktop/node-29-outubro-2025/src/routes/login.ts","statementMap":{"0":{"start":{"line":11,"column":49},"end":{"line":47,"column":null}},"1":{"start":{"line":12,"column":2},"end":{"line":46,"column":null}},"2":{"start":{"line":28,"column":34},"end":{"line":28,"column":null}},"3":{"start":{"line":30,"column":21},"end":{"line":30,"column":null}},"4":{"start":{"line":32,"column":6},"end":{"line":34,"column":null}},"5":{"start":{"line":33,"column":8},"end":{"line":33,"column":null}},"6":{"start":{"line":36,"column":19},"end":{"line":36,"column":null}},"7":{"start":{"line":38,"column":32},"end":{"line":38,"column":null}},"8":{"start":{"line":40,"column":6},"end":{"line":42,"column":null}},"9":{"start":{"line":41,"column":8},"end":{"line":41,"column":null}},"10":{"start":{"line":44,"column":6},"end":{"line":44,"column":null}}},"fnMap":{"0":{"name":"(anonymous_0)","decl":{"start":{"line":11,"column":49},"end":{"line":11,"column":56}},"loc":{"start":{"line":11,"column":67},"end":{"line":47,"column":null}},"line":11},"1":{"name":"(anonymous_1)","decl":{"start":{"line":27,"column":4},"end":{"line":27,"column":11}},"loc":{"start":{"line":27,"column":33},"end":{"line":45,"column":null}},"line":27}},"branchMap":{"0":{"loc":{"start":{"line":32,"column":6},"end":{"line":34,"column":null}},"type":"if","locations":[{"start":{"line":32,"column":6},"end":{"line":34,"column":null}},{"start":{},"end":{}}],"line":32},"1":{"loc":{"start":{"line":40,"column":6},"end":{"line":42,"column":null}},"type":"if","locations":[{"start":{"line":40,"column":6},"end":{"line":42,"column":null}},{"start":{},"end":{}}],"line":40}},"s":{"0":4,"1":4,"2":1,"3":1,"4":1,"5":0,"6":1,"7":1,"8":1,"9":0,"10":1},"f":{"0":4,"1":1},"b":{"0":[0,1],"1":[0,1]},"meta":{"lastBranch":2,"lastFunction":2,"lastStatement":11,"seen":{"s:11:49:47:Infinity":0,"f:11:49:11:56":0,"s:12:2:46:Infinity":1,"f:27:4:27:11":1,"s:28:34:28:Infinity":2,"s:30:21:30:Infinity":3,"b:32:6:34:Infinity:undefined:undefined:undefined:undefined":0,"s:32:6:34:Infinity":4,"s:33:8:33:Infinity":5,"s:36:19:36:Infinity":6,"s:38:32:38:Infinity":7,"b:40:6:42:Infinity:undefined:undefined:undefined:undefined":1,"s:40:6:42:Infinity":8,"s:41:8:41:Infinity":9,"s:44:6:44:Infinity":10}}}
,"/Users/kadu/Desktop/node-29-outubro-2025/src/test/factories/make-course.ts": {"path":"/Users/kadu/Desktop/node-29-outubro-2025/src/test/factories/make-course.ts","statementMap":{"0":{"start":{"line":6,"column":17},"end":{"line":11,"column":null}},"1":{"start":{"line":13,"column":2},"end":{"line":13,"column":null}}},"fnMap":{"0":{"name":"makeCourse","decl":{"start":{"line":5,"column":22},"end":{"line":5,"column":33}},"loc":{"start":{"line":5,"column":49},"end":{"line":14,"column":null}},"line":5}},"branchMap":{"0":{"loc":{"start":{"line":9,"column":13},"end":{"line":9,"column":null}},"type":"binary-expr","locations":[{"start":{"line":9,"column":13},"end":{"line":9,"column":22}},{"start":{"line":9,"column":22},"end":{"line":9,"column":null}}],"line":9}},"s":{"0":3,"1":3},"f":{"0":3},"b":{"0":[3,1]},"meta":{"lastBranch":1,"lastFunction":1,"lastStatement":2,"seen":{"f:5:22:5:33":0,"s:6:17:11:Infinity":0,"b:9:13:9:22:9:22:9:Infinity":0,"s:13:2:13:Infinity":1}}}
,"/Users/kadu/Desktop/node-29-outubro-2025/src/test/factories/make-enrollments.ts": {"path":"/Users/kadu/Desktop/node-29-outubro-2025/src/test/factories/make-enrollments.ts","statementMap":{"0":{"start":{"line":4,"column":30},"end":{"line":14,"column":null}},"1":{"start":{"line":5,"column":17},"end":{"line":11,"column":null}},"2":{"start":{"line":13,"column":2},"end":{"line":13,"column":null}}},"fnMap":{"0":{"name":"(anonymous_0)","decl":{"start":{"line":4,"column":30},"end":{"line":4,"column":37}},"loc":{"start":{"line":4,"column":74},"end":{"line":14,"column":null}},"line":4}},"branchMap":{},"s":{"0":1,"1":1,"2":1},"f":{"0":1},"b":{},"meta":{"lastBranch":0,"lastFunction":1,"lastStatement":3,"seen":{"s:4:30:14:Infinity":0,"f:4:30:4:37":0,"s:5:17:11:Infinity":1,"s:13:2:13:Infinity":2}}}
,"/Users/kadu/Desktop/node-29-outubro-2025/src/test/factories/make-user.ts": {"path":"/Users/kadu/Desktop/node-29-outubro-2025/src/test/factories/make-user.ts","statementMap":{"0":{"start":{"line":7,"column":24},"end":{"line":24,"column":null}},"1":{"start":{"line":8,"column":8},"end":{"line":8,"column":null}},"2":{"start":{"line":10,"column":17},"end":{"line":18,"column":null}},"3":{"start":{"line":20,"column":2},"end":{"line":23,"column":null}}},"fnMap":{"0":{"name":"(anonymous_0)","decl":{"start":{"line":7,"column":24},"end":{"line":7,"column":36}},"loc":{"start":{"line":7,"column":36},"end":{"line":24,"column":null}},"line":7}},"branchMap":{},"s":{"0":2,"1":2,"2":2,"3":2},"f":{"0":2},"b":{},"meta":{"lastBranch":0,"lastFunction":1,"lastStatement":4,"seen":{"s:7:24:24:Infinity":0,"f:7:24:7:36":0,"s:8:8:8:Infinity":1,"s:10:17:18:Infinity":2,"s:20:2:23:Infinity":3}}}
}
